<?xml version="1.0" encoding="UTF-8"?>
<!-- Generated by org.testng.reporters.JUnitReportReporter -->
<testsuite skipped="0" hostname="DESKTOP-3JIFKN8" name="WeatherService.ExternalApiController.GfsGlobal" tests="8" failures="0" timestamp="22 三月 2019 10:30:31 GMT" time="1.449" errors="0">
  <testcase name="getTest" time="0.076" classname="WeatherService.ExternalApiController.GfsGlobal"/>
  <testcase name="getTest" time="0.891" classname="WeatherService.ExternalApiController.GfsGlobal"/>
  <testcase name="getTest" time="0.082" classname="WeatherService.ExternalApiController.GfsGlobal"/>
  <testcase name="getTest" time="0.082" classname="WeatherService.ExternalApiController.GfsGlobal"/>
  <testcase name="getTest" time="0.080" classname="WeatherService.ExternalApiController.GfsGlobal"/>
  <testcase name="getTest" time="0.073" classname="WeatherService.ExternalApiController.GfsGlobal"/>
  <testcase name="getTest" time="0.081" classname="WeatherService.ExternalApiController.GfsGlobal"/>
  <testcase name="getTest" time="0.084" classname="WeatherService.ExternalApiController.GfsGlobal"/>
</testsuite> <!-- WeatherService.ExternalApiController.GfsGlobal -->
