<?xml version="1.0" encoding="UTF-8"?>
<!-- Generated by org.testng.reporters.JUnitReportReporter -->
<testsuite skipped="0" hostname="DESKTOP-3JIFKN8" name="WeatherService.ApiController.ApiSource" tests="1" failures="0" timestamp="22 三月 2019 10:30:31 GMT" time="0.330" errors="0">
  <testcase name="getTest" time="0.330" classname="WeatherService.ApiController.ApiSource"/>
</testsuite> <!-- WeatherService.ApiController.ApiSource -->
